<?xml version="1.0" encoding="UTF-8"?>
<testsuite xmlns:xsi="http://www.w3.org/2001/XMLSchema-instance" xsi:noNamespaceSchemaLocation="https://maven.apache.org/surefire/maven-surefire-plugin/xsd/surefire-test-report-3.0.xsd" version="3.0" name="co.edu.uptc.model.NodeTest" time="0.025" tests="7" errors="0" skipped="0" failures="0">
  <properties>
[...]
</properties>
  <testcase name="testAddEdge" classname="co.edu.uptc.model.NodeTest" time="0.002"/>
  <testcase name="testToString" classname="co.edu.uptc.model.NodeTest" time="0.001"/>
  <testcase name="testNodeEquals" classname="co.edu.uptc.model.NodeTest" time="0.004"/>
  <testcase name="testCreateNodeWithCoordinates" classname="co.edu.uptc.model.NodeTest" time="0.0"/>
  <testcase name="testRemoveEdge" classname="co.edu.uptc.model.NodeTest" time="0.0"/>
  <testcase name="testCreateNode" classname="co.edu.uptc.model.NodeTest" time="0.003"/>
  <testcase name="testAddDuplicateEdge" classname="co.edu.uptc.model.NodeTest" time="0.003"/>
</testsuite>